<?xml version="1.0" encoding="UTF-8"?>
<!-- Generated by org.testng.reporters.JUnitXMLReporter -->
<testsuite ignored="29" hostname="Babu" failures="0" tests="16" name="ChromeTest" time="99.959" errors="0" timestamp="2022-07-14T16:18:16 IST">
  <testcase classname="com.obs.tests.LoginTest" name="verifyURLandTitle" time="0.045"/>
  <testcase classname="com.obs.tests.LoginTest" name="validateLoginPageFields" time="0.209"/>
  <testcase classname="com.obs.tests.LoginTest" name="verifyForgetPwdAndBackToLogin" time="1.445"/>
  <testcase classname="com.obs.tests.LoginTest" name="verifyAllLogin" time="0.988"/>
  <testcase classname="com.obs.tests.LoginTest" name="verifyAllLogin" time="1.825"/>
  <testcase classname="com.obs.tests.LoginTest" name="verifyAllLogin" time="1.549"/>
  <testcase classname="com.obs.tests.LoginTest" name="verifyAllLogin" time="1.542"/>
  <testcase classname="com.obs.tests.LoginTest" name="verifyAllLogin" time="8.926"/>
  <testcase classname="com.obs.tests.HomePageTest" name="validateHomePage" time="0.17"/>
  <testcase classname="com.obs.tests.HomePageTest" name="verifySearchWithValidData" time="10.65"/>
  <testcase classname="com.obs.tests.HomePageTest" name="verifyStockSublist" time="0.483"/>
  <testcase classname="com.obs.tests.ViewStockTest" name="validateViewStockFields" time="0.279"/>
  <testcase classname="com.obs.tests.AddProductTest" name="validateAddProductFileds" time="0.537"/>
  <testcase classname="com.obs.tests.AddProductTest" name="verifyErrorMessage" time="0.327"/>
  <testcase classname="com.obs.tests.StockModelsTest" name="VerifyFieldsAreDisplayed" time="0.081"/>
  <testcase classname="com.obs.tests.ManufacturersTest" name="validateManufacturerPageFields" time="0.068"/>
  <testcase classname="com.obs.tests.ManufacturersTest" name="verifySearchManufacturer" time="0.0">
    <ignored/>
  </testcase> <!-- verifySearchManufacturer -->
  <testcase classname="com.obs.tests.ManufacturersTest" name="verifyEditManufacturer" time="0.0">
    <ignored/>
  </testcase> <!-- verifyEditManufacturer -->
  <testcase classname="com.obs.tests.ViewStockTest" name="verifyAddAndImportProductRedirection" time="0.0">
    <ignored/>
  </testcase> <!-- verifyAddAndImportProductRedirection -->
  <testcase classname="com.obs.tests.StockModelsTest" name="verifyAddModelGoBackButton" time="0.0">
    <ignored/>
  </testcase> <!-- verifyAddModelGoBackButton -->
  <testcase classname="com.obs.tests.StockModelsTest" name="verifyDeleteModel" time="0.0">
    <ignored/>
  </testcase> <!-- verifyDeleteModel -->
  <testcase classname="com.obs.tests.StockModelsTest" name="editModel" time="0.0">
    <ignored/>
  </testcase> <!-- editModel -->
  <testcase classname="com.obs.tests.AddProductTest" name="verifyAddProduct" time="0.0">
    <ignored/>
  </testcase> <!-- verifyAddProduct -->
  <testcase classname="com.obs.tests.ViewStockTest" name="verifyTableActionSubList" time="0.0">
    <ignored/>
  </testcase> <!-- verifyTableActionSubList -->
  <testcase classname="com.obs.tests.HomePageTest" name="verifySearchWithInvalidData" time="0.0">
    <ignored/>
  </testcase> <!-- verifySearchWithInvalidData -->
  <testcase classname="com.obs.tests.ManufacturersTest" name="verifyDeleteManufacturer" time="0.0">
    <ignored/>
  </testcase> <!-- verifyDeleteManufacturer -->
  <testcase classname="com.obs.tests.ViewStockTest" name="inventorySearchValidAndInvalid" time="0.0">
    <ignored/>
  </testcase> <!-- inventorySearchValidAndInvalid -->
  <testcase classname="com.obs.tests.StockModelsTest" name="verifyModelSearch" time="0.0">
    <ignored/>
  </testcase> <!-- verifyModelSearch -->
  <testcase classname="com.obs.tests.StockModelsTest" name="addModel" time="0.0">
    <ignored/>
  </testcase> <!-- addModel -->
  <testcase classname="com.obs.tests.BaseTest" name="@AfterTest quit" time="0.0">
    <ignored/>
  </testcase> <!-- @AfterTest quit -->
  <testcase classname="com.obs.tests.BaseTest" name="@AfterTest quit" time="0.0">
    <ignored/>
  </testcase> <!-- @AfterTest quit -->
  <testcase classname="com.obs.tests.BaseTest" name="@AfterTest quit" time="0.0">
    <ignored/>
  </testcase> <!-- @AfterTest quit -->
  <testcase classname="com.obs.tests.BaseTest" name="@AfterTest quit" time="0.0">
    <ignored/>
  </testcase> <!-- @AfterTest quit -->
  <testcase classname="com.obs.tests.BaseTest" name="@AfterTest quit" time="0.0">
    <ignored/>
  </testcase> <!-- @AfterTest quit -->
  <testcase classname="com.obs.tests.ViewStockTest" name="verifyTableRowActionSublistDisplayed" time="0.0">
    <ignored/>
  </testcase> <!-- verifyTableRowActionSublistDisplayed -->
  <testcase classname="com.obs.tests.ViewStockTest" name="verifyDeleteProductShowsAlertAndErrorMsg" time="0.0">
    <ignored/>
  </testcase> <!-- verifyDeleteProductShowsAlertAndErrorMsg -->
  <testcase classname="com.obs.tests.ViewStockTest" name="verifyDisplayAndValidationOfSubList" time="0.0">
    <ignored/>
  </testcase> <!-- verifyDisplayAndValidationOfSubList -->
  <testcase classname="com.obs.tests.ViewStockTest" name="verifyClickOnInventoryShowDetails" time="0.0">
    <ignored/>
  </testcase> <!-- verifyClickOnInventoryShowDetails -->
  <testcase classname="com.obs.tests.ViewStockTest" name="verifyErrorOnClickOfPrintAndExport" time="0.0">
    <ignored/>
  </testcase> <!-- verifyErrorOnClickOfPrintAndExport -->
  <testcase classname="com.obs.tests.BaseTest" name="@BeforeTest launch" time="0.0">
    <ignored/>
  </testcase> <!-- @BeforeTest launch -->
  <testcase classname="com.obs.tests.BaseTest" name="@BeforeTest launch" time="0.0">
    <ignored/>
  </testcase> <!-- @BeforeTest launch -->
  <testcase classname="com.obs.tests.BaseTest" name="@BeforeTest launch" time="0.0">
    <ignored/>
  </testcase> <!-- @BeforeTest launch -->
  <testcase classname="com.obs.tests.BaseTest" name="@BeforeTest launch" time="0.0">
    <ignored/>
  </testcase> <!-- @BeforeTest launch -->
  <testcase classname="com.obs.tests.BaseTest" name="@BeforeTest launch" time="0.0">
    <ignored/>
  </testcase> <!-- @BeforeTest launch -->
  <testcase classname="com.obs.tests.StockModelsTest" name="verifyAddModelCloseButton" time="0.0">
    <ignored/>
  </testcase> <!-- verifyAddModelCloseButton -->
</testsuite> <!-- ChromeTest -->
