<?xml version="1.0" encoding="UTF-8"?>
<testng-results ignored="29" total="45" passed="16" failed="0" skipped="0">
  <reporter-output>
  </reporter-output>
  <suite started-at="2022-07-14T16:16:36 IST" name="Suite" finished-at="2022-07-14T16:18:16 IST" duration-ms="99959">
    <groups>
      <group name="SanityTest">
        <method signature="AddProductTest.validateAddProductFileds()[pri:1, instance:com.obs.tests.AddProductTest@368247b9]" name="validateAddProductFileds" class="com.obs.tests.AddProductTest"/>
        <method signature="HomePageTest.verifyStockSublist()[pri:4, instance:com.obs.tests.HomePageTest@20140db9]" name="verifyStockSublist" class="com.obs.tests.HomePageTest"/>
        <method signature="LoginTest.verifyAllLogin(java.lang.String,java.lang.String)[pri:3, instance:com.obs.tests.LoginTest@e350b40]" name="verifyAllLogin" class="com.obs.tests.LoginTest"/>
        <method signature="StockModelsTest.VerifyFieldsAreDisplayed()[pri:1, instance:com.obs.tests.StockModelsTest@1a6d8329]" name="VerifyFieldsAreDisplayed" class="com.obs.tests.StockModelsTest"/>
        <method signature="ViewStockTest.validateViewStockFields()[pri:1, instance:com.obs.tests.ViewStockTest@1e6a3214]" name="validateViewStockFields" class="com.obs.tests.ViewStockTest"/>
      </group> <!-- SanityTest -->
    </groups>
    <test started-at="2022-07-14T16:16:36 IST" name="ChromeTest" finished-at="2022-07-14T16:18:16 IST" duration-ms="99959">
      <class name="com.obs.tests.LoginTest">
        <test-method is-config="true" signature="launch(java.lang.String)[pri:0, instance:com.obs.tests.LoginTest@e350b40]" started-at="2022-07-14T16:16:36 IST" name="launch" finished-at="2022-07-14T16:16:51 IST" duration-ms="14517" status="PASS">
          <params>
            <param index="0">
              <value>
                <![CDATA[chrome]]>
              </value>
            </param>
          </params>
          <reporter-output>
          </reporter-output>
        </test-method> <!-- launch -->
        <test-method is-config="true" signature="invokeLoginPage()[pri:0, instance:com.obs.tests.LoginTest@e350b40]" started-at="2022-07-14T16:16:51 IST" name="invokeLoginPage" finished-at="2022-07-14T16:16:51 IST" duration-ms="789" status="PASS">
          <reporter-output>
          </reporter-output>
        </test-method> <!-- invokeLoginPage -->
        <test-method signature="verifyURLandTitle()[pri:0, instance:com.obs.tests.LoginTest@e350b40]" started-at="2022-07-14T16:16:51 IST" name="verifyURLandTitle" finished-at="2022-07-14T16:16:52 IST" duration-ms="45" status="PASS">
          <reporter-output>
          </reporter-output>
        </test-method> <!-- verifyURLandTitle -->
        <test-method is-config="true" signature="invokeLoginPage()[pri:0, instance:com.obs.tests.LoginTest@e350b40]" started-at="2022-07-14T16:16:52 IST" name="invokeLoginPage" finished-at="2022-07-14T16:16:52 IST" duration-ms="2" status="PASS">
          <reporter-output>
          </reporter-output>
        </test-method> <!-- invokeLoginPage -->
        <test-method signature="validateLoginPageFields()[pri:1, instance:com.obs.tests.LoginTest@e350b40]" started-at="2022-07-14T16:16:52 IST" name="validateLoginPageFields" finished-at="2022-07-14T16:16:52 IST" duration-ms="209" status="PASS">
          <reporter-output>
          </reporter-output>
        </test-method> <!-- validateLoginPageFields -->
        <test-method is-config="true" signature="invokeLoginPage()[pri:0, instance:com.obs.tests.LoginTest@e350b40]" started-at="2022-07-14T16:16:52 IST" name="invokeLoginPage" finished-at="2022-07-14T16:16:52 IST" duration-ms="2" status="PASS">
          <reporter-output>
          </reporter-output>
        </test-method> <!-- invokeLoginPage -->
        <test-method signature="verifyForgetPwdAndBackToLogin()[pri:2, instance:com.obs.tests.LoginTest@e350b40]" started-at="2022-07-14T16:16:52 IST" name="verifyForgetPwdAndBackToLogin" finished-at="2022-07-14T16:16:53 IST" duration-ms="1445" status="PASS">
          <reporter-output>
          </reporter-output>
        </test-method> <!-- verifyForgetPwdAndBackToLogin -->
        <test-method is-config="true" signature="invokeLoginPage()[pri:0, instance:com.obs.tests.LoginTest@e350b40]" started-at="2022-07-14T16:16:53 IST" name="invokeLoginPage" finished-at="2022-07-14T16:16:53 IST" duration-ms="1" status="PASS">
          <reporter-output>
          </reporter-output>
        </test-method> <!-- invokeLoginPage -->
        <test-method signature="verifyAllLogin(java.lang.String,java.lang.String)[pri:3, instance:com.obs.tests.LoginTest@e350b40]" started-at="2022-07-14T16:16:53 IST" name="verifyAllLogin" data-provider="Credentials" finished-at="2022-07-14T16:16:54 IST" duration-ms="988" status="PASS">
          <params>
            <param index="0">
              <value>
                <![CDATA[]]>
              </value>
            </param>
            <param index="1">
              <value>
                <![CDATA[]]>
              </value>
            </param>
          </params>
          <reporter-output>
          </reporter-output>
        </test-method> <!-- verifyAllLogin -->
        <test-method is-config="true" signature="invokeLoginPage()[pri:0, instance:com.obs.tests.LoginTest@e350b40]" started-at="2022-07-14T16:16:54 IST" name="invokeLoginPage" finished-at="2022-07-14T16:16:54 IST" duration-ms="1" status="PASS">
          <reporter-output>
          </reporter-output>
        </test-method> <!-- invokeLoginPage -->
        <test-method signature="verifyAllLogin(java.lang.String,java.lang.String)[pri:3, instance:com.obs.tests.LoginTest@e350b40]" started-at="2022-07-14T16:16:54 IST" name="verifyAllLogin" data-provider="Credentials" finished-at="2022-07-14T16:16:56 IST" duration-ms="1825" status="PASS">
          <params>
            <param index="0">
              <value>
                <![CDATA[admin]]>
              </value>
            </param>
            <param index="1">
              <value>
                <![CDATA[admin]]>
              </value>
            </param>
          </params>
          <reporter-output>
          </reporter-output>
        </test-method> <!-- verifyAllLogin -->
        <test-method is-config="true" signature="invokeLoginPage()[pri:0, instance:com.obs.tests.LoginTest@e350b40]" started-at="2022-07-14T16:16:56 IST" name="invokeLoginPage" finished-at="2022-07-14T16:16:56 IST" duration-ms="2" status="PASS">
          <reporter-output>
          </reporter-output>
        </test-method> <!-- invokeLoginPage -->
        <test-method signature="verifyAllLogin(java.lang.String,java.lang.String)[pri:3, instance:com.obs.tests.LoginTest@e350b40]" started-at="2022-07-14T16:16:56 IST" name="verifyAllLogin" data-provider="Credentials" finished-at="2022-07-14T16:16:58 IST" duration-ms="1549" status="PASS">
          <params>
            <param index="0">
              <value>
                <![CDATA[admin@gmail]]>
              </value>
            </param>
            <param index="1">
              <value>
                <![CDATA[password]]>
              </value>
            </param>
          </params>
          <reporter-output>
          </reporter-output>
        </test-method> <!-- verifyAllLogin -->
        <test-method is-config="true" signature="invokeLoginPage()[pri:0, instance:com.obs.tests.LoginTest@e350b40]" started-at="2022-07-14T16:16:58 IST" name="invokeLoginPage" finished-at="2022-07-14T16:16:58 IST" duration-ms="1" status="PASS">
          <reporter-output>
          </reporter-output>
        </test-method> <!-- invokeLoginPage -->
        <test-method signature="verifyAllLogin(java.lang.String,java.lang.String)[pri:3, instance:com.obs.tests.LoginTest@e350b40]" started-at="2022-07-14T16:16:58 IST" name="verifyAllLogin" data-provider="Credentials" finished-at="2022-07-14T16:16:59 IST" duration-ms="1542" status="PASS">
          <params>
            <param index="0">
              <value>
                <![CDATA[admin@admin.com]]>
              </value>
            </param>
            <param index="1">
              <value>
                <![CDATA[pass]]>
              </value>
            </param>
          </params>
          <reporter-output>
          </reporter-output>
        </test-method> <!-- verifyAllLogin -->
        <test-method is-config="true" signature="invokeLoginPage()[pri:0, instance:com.obs.tests.LoginTest@e350b40]" started-at="2022-07-14T16:16:59 IST" name="invokeLoginPage" finished-at="2022-07-14T16:16:59 IST" duration-ms="1" status="PASS">
          <reporter-output>
          </reporter-output>
        </test-method> <!-- invokeLoginPage -->
        <test-method signature="verifyAllLogin(java.lang.String,java.lang.String)[pri:3, instance:com.obs.tests.LoginTest@e350b40]" started-at="2022-07-14T16:16:59 IST" name="verifyAllLogin" data-provider="Credentials" finished-at="2022-07-14T16:17:08 IST" duration-ms="8926" status="PASS">
          <params>
            <param index="0">
              <value>
                <![CDATA[admin@admin.com]]>
              </value>
            </param>
            <param index="1">
              <value>
                <![CDATA[password]]>
              </value>
            </param>
          </params>
          <reporter-output>
          </reporter-output>
        </test-method> <!-- verifyAllLogin -->
        <test-method is-config="true" signature="quit()[pri:0, instance:com.obs.tests.LoginTest@e350b40]" started-at="2022-07-14T16:18:14 IST" name="quit" finished-at="2022-07-14T16:18:16 IST" duration-ms="1393" status="PASS">
          <reporter-output>
          </reporter-output>
        </test-method> <!-- quit -->
      </class> <!-- com.obs.tests.LoginTest -->
      <class name="com.obs.tests.AddProductTest">
        <test-method is-config="true" signature="setup()[pri:0, instance:com.obs.tests.AddProductTest@368247b9]" started-at="2022-07-14T16:17:47 IST" name="setup" finished-at="2022-07-14T16:17:52 IST" duration-ms="5538" status="PASS">
          <reporter-output>
          </reporter-output>
        </test-method> <!-- setup -->
        <test-method signature="validateAddProductFileds()[pri:1, instance:com.obs.tests.AddProductTest@368247b9]" started-at="2022-07-14T16:17:52 IST" name="validateAddProductFileds" finished-at="2022-07-14T16:17:53 IST" duration-ms="537" status="PASS">
          <reporter-output>
          </reporter-output>
        </test-method> <!-- validateAddProductFileds -->
        <test-method is-config="true" signature="logout()[pri:0, instance:com.obs.tests.AddProductTest@368247b9]" started-at="2022-07-14T16:17:53 IST" name="logout" finished-at="2022-07-14T16:17:54 IST" duration-ms="997" status="PASS">
          <reporter-output>
          </reporter-output>
        </test-method> <!-- logout -->
        <test-method is-config="true" signature="setup()[pri:0, instance:com.obs.tests.AddProductTest@368247b9]" started-at="2022-07-14T16:17:54 IST" name="setup" finished-at="2022-07-14T16:17:59 IST" duration-ms="5319" status="PASS">
          <reporter-output>
          </reporter-output>
        </test-method> <!-- setup -->
        <test-method signature="verifyErrorMessage()[pri:2, instance:com.obs.tests.AddProductTest@368247b9]" started-at="2022-07-14T16:17:59 IST" name="verifyErrorMessage" finished-at="2022-07-14T16:17:59 IST" duration-ms="327" status="PASS">
          <reporter-output>
          </reporter-output>
        </test-method> <!-- verifyErrorMessage -->
        <test-method is-config="true" signature="logout()[pri:0, instance:com.obs.tests.AddProductTest@368247b9]" started-at="2022-07-14T16:17:59 IST" name="logout" finished-at="2022-07-14T16:18:00 IST" duration-ms="1052" status="PASS">
          <reporter-output>
          </reporter-output>
        </test-method> <!-- logout -->
      </class> <!-- com.obs.tests.AddProductTest -->
      <class name="com.obs.tests.HomePageTest">
        <test-method is-config="true" signature="setup()[pri:0, instance:com.obs.tests.HomePageTest@20140db9]" started-at="2022-07-14T16:17:08 IST" name="setup" finished-at="2022-07-14T16:17:18 IST" duration-ms="9549" status="PASS">
          <reporter-output>
          </reporter-output>
        </test-method> <!-- setup -->
        <test-method signature="validateHomePage()[pri:1, instance:com.obs.tests.HomePageTest@20140db9]" started-at="2022-07-14T16:17:18 IST" name="validateHomePage" finished-at="2022-07-14T16:17:18 IST" duration-ms="170" status="PASS">
          <reporter-output>
          </reporter-output>
        </test-method> <!-- validateHomePage -->
        <test-method is-config="true" signature="logout()[pri:0, instance:com.obs.tests.HomePageTest@20140db9]" started-at="2022-07-14T16:17:18 IST" name="logout" finished-at="2022-07-14T16:17:19 IST" duration-ms="1222" status="PASS">
          <reporter-output>
          </reporter-output>
        </test-method> <!-- logout -->
        <test-method is-config="true" signature="setup()[pri:0, instance:com.obs.tests.HomePageTest@20140db9]" started-at="2022-07-14T16:17:19 IST" name="setup" finished-at="2022-07-14T16:17:24 IST" duration-ms="5399" status="PASS">
          <reporter-output>
          </reporter-output>
        </test-method> <!-- setup -->
        <test-method signature="verifySearchWithValidData()[pri:3, instance:com.obs.tests.HomePageTest@20140db9]" started-at="2022-07-14T16:17:24 IST" name="verifySearchWithValidData" finished-at="2022-07-14T16:17:35 IST" duration-ms="10650" status="PASS">
          <reporter-output>
          </reporter-output>
        </test-method> <!-- verifySearchWithValidData -->
        <test-method is-config="true" signature="logout()[pri:0, instance:com.obs.tests.HomePageTest@20140db9]" started-at="2022-07-14T16:17:35 IST" name="logout" finished-at="2022-07-14T16:17:36 IST" duration-ms="1030" status="PASS">
          <reporter-output>
          </reporter-output>
        </test-method> <!-- logout -->
        <test-method is-config="true" signature="setup()[pri:0, instance:com.obs.tests.HomePageTest@20140db9]" started-at="2022-07-14T16:17:36 IST" name="setup" finished-at="2022-07-14T16:17:38 IST" duration-ms="2406" status="PASS">
          <reporter-output>
          </reporter-output>
        </test-method> <!-- setup -->
        <test-method signature="verifyStockSublist()[pri:4, instance:com.obs.tests.HomePageTest@20140db9]" started-at="2022-07-14T16:17:38 IST" name="verifyStockSublist" finished-at="2022-07-14T16:17:39 IST" duration-ms="483" status="PASS">
          <reporter-output>
          </reporter-output>
        </test-method> <!-- verifyStockSublist -->
        <test-method is-config="true" signature="logout()[pri:0, instance:com.obs.tests.HomePageTest@20140db9]" started-at="2022-07-14T16:17:39 IST" name="logout" finished-at="2022-07-14T16:17:40 IST" duration-ms="965" status="PASS">
          <reporter-output>
          </reporter-output>
        </test-method> <!-- logout -->
      </class> <!-- com.obs.tests.HomePageTest -->
      <class name="com.obs.tests.ManufacturersTest">
        <test-method is-config="true" signature="setup()[pri:0, instance:com.obs.tests.ManufacturersTest@1a942c18]" started-at="2022-07-14T16:18:07 IST" name="setup" finished-at="2022-07-14T16:18:12 IST" duration-ms="5750" status="PASS">
          <reporter-output>
          </reporter-output>
        </test-method> <!-- setup -->
        <test-method signature="validateManufacturerPageFields()[pri:1, instance:com.obs.tests.ManufacturersTest@1a942c18]" started-at="2022-07-14T16:18:12 IST" name="validateManufacturerPageFields" finished-at="2022-07-14T16:18:13 IST" duration-ms="68" status="PASS">
          <reporter-output>
          </reporter-output>
        </test-method> <!-- validateManufacturerPageFields -->
        <test-method is-config="true" signature="logout()[pri:0, instance:com.obs.tests.ManufacturersTest@1a942c18]" started-at="2022-07-14T16:18:13 IST" name="logout" finished-at="2022-07-14T16:18:14 IST" duration-ms="1556" status="PASS">
          <reporter-output>
          </reporter-output>
        </test-method> <!-- logout -->
      </class> <!-- com.obs.tests.ManufacturersTest -->
      <class name="com.obs.tests.ViewStockTest">
        <test-method is-config="true" signature="setup()[pri:0, instance:com.obs.tests.ViewStockTest@1e6a3214]" started-at="2022-07-14T16:17:40 IST" name="setup" finished-at="2022-07-14T16:17:45 IST" duration-ms="5420" status="PASS">
          <reporter-output>
          </reporter-output>
        </test-method> <!-- setup -->
        <test-method signature="validateViewStockFields()[pri:1, instance:com.obs.tests.ViewStockTest@1e6a3214]" started-at="2022-07-14T16:17:45 IST" name="validateViewStockFields" finished-at="2022-07-14T16:17:46 IST" duration-ms="279" status="PASS">
          <reporter-output>
          </reporter-output>
        </test-method> <!-- validateViewStockFields -->
        <test-method is-config="true" signature="logout()[pri:0, instance:com.obs.tests.ViewStockTest@1e6a3214]" started-at="2022-07-14T16:17:46 IST" name="logout" finished-at="2022-07-14T16:17:47 IST" duration-ms="1010" status="PASS">
          <reporter-output>
          </reporter-output>
        </test-method> <!-- logout -->
      </class> <!-- com.obs.tests.ViewStockTest -->
      <class name="com.obs.tests.StockModelsTest">
        <test-method is-config="true" signature="setup()[pri:0, instance:com.obs.tests.StockModelsTest@1a6d8329]" started-at="2022-07-14T16:18:00 IST" name="setup" finished-at="2022-07-14T16:18:06 IST" duration-ms="5166" status="PASS">
          <reporter-output>
          </reporter-output>
        </test-method> <!-- setup -->
        <test-method signature="VerifyFieldsAreDisplayed()[pri:1, instance:com.obs.tests.StockModelsTest@1a6d8329]" started-at="2022-07-14T16:18:06 IST" name="VerifyFieldsAreDisplayed" finished-at="2022-07-14T16:18:06 IST" duration-ms="81" status="PASS">
          <reporter-output>
          </reporter-output>
        </test-method> <!-- VerifyFieldsAreDisplayed -->
        <test-method is-config="true" signature="logout()[pri:0, instance:com.obs.tests.StockModelsTest@1a6d8329]" started-at="2022-07-14T16:18:06 IST" name="logout" finished-at="2022-07-14T16:18:07 IST" duration-ms="1052" status="PASS">
          <reporter-output>
          </reporter-output>
        </test-method> <!-- logout -->
      </class> <!-- com.obs.tests.StockModelsTest -->
    </test> <!-- ChromeTest -->
  </suite> <!-- Suite -->
</testng-results>
